
*** Running vivado
    with args -log WHACK_THAT_MOLE.vds -m64 -product Vivado -mode batch -messageDb vivado.pb -notrace -source WHACK_THAT_MOLE.tcl



****** Vivado v2022.2 (64-bit)
  **** SW Build 3671981 on Fri Oct 14 05:00:03 MDT 2022
  **** IP Build 3669848 on Fri Oct 14 08:30:02 MDT 2022
    ** Copyright 1986-2022 Xilinx, Inc. All Rights Reserved.

source WHACK_THAT_MOLE.tcl -notrace
create_project: Time (s): cpu = 00:00:08 ; elapsed = 00:00:09 . Memory (MB): peak = 393.770 ; gain = 60.387
Command: read_checkpoint -auto_incremental -incremental {C:/Users/z434/OneDrive/Documents/Vivado Projects/EE470PROJ/COMPE470PROJ/COMPE470PROJ.srcs/utils_1/imports/synth_1/BIT5_FROM_LFSR.dcp}
INFO: [Vivado 12-5825] Read reference checkpoint from C:/Users/z434/OneDrive/Documents/Vivado Projects/EE470PROJ/COMPE470PROJ/COMPE470PROJ.srcs/utils_1/imports/synth_1/BIT5_FROM_LFSR.dcp for incremental synthesis
INFO: [Vivado 12-7989] Please ensure there are no constraint changes
Command: synth_design -top WHACK_THAT_MOLE -part xc7k70tfbv676-1
Starting synth_design
Attempting to get a license for feature 'Synthesis' and/or device 'xc7k70t'
INFO: [Common 17-349] Got license for feature 'Synthesis' and/or device 'xc7k70t'
INFO: [Synth 8-7079] Multithreading enabled for synth_design using a maximum of 2 processes.
INFO: [Synth 8-7078] Launching helper process for spawning children vivado processes
INFO: [Synth 8-7075] Helper process launched with PID 12692
INFO: [Synth 8-11241] undeclared symbol 'REGCCE', assumed default net type 'wire' [C:/Xilinx/Vivado/2022.2/data/verilog/src/unimacro/BRAM_SINGLE_MACRO.v:2170]
INFO: [Synth 8-11241] undeclared symbol 'OUT', assumed default net type 'wire' [C:/Users/z434/OneDrive/Documents/Vivado Projects/EE470PROJ/COMPE470PROJ/COMPE470PROJ.srcs/sources_1/new/TBD.v:259]
---------------------------------------------------------------------------------
Starting Synthesize : Time (s): cpu = 00:00:11 ; elapsed = 00:00:12 . Memory (MB): peak = 834.402 ; gain = 409.945
---------------------------------------------------------------------------------
INFO: [Synth 8-6157] synthesizing module 'WHACK_THAT_MOLE' [C:/Users/z434/OneDrive/Documents/Vivado Projects/EE470PROJ/COMPE470PROJ/COMPE470PROJ.srcs/sources_1/new/TBD.v:244]
INFO: [Synth 8-6157] synthesizing module 'LFSR_32BIT' [C:/Users/z434/OneDrive/Documents/Vivado Projects/EE470PROJ/COMPE470PROJ/COMPE470PROJ.srcs/sources_1/new/TBD.v:22]
INFO: [Synth 8-6155] done synthesizing module 'LFSR_32BIT' (0#1) [C:/Users/z434/OneDrive/Documents/Vivado Projects/EE470PROJ/COMPE470PROJ/COMPE470PROJ.srcs/sources_1/new/TBD.v:22]
WARNING: [Synth 8-689] width (1) of port connection 'OUT' does not match port width (32) of module 'LFSR_32BIT' [C:/Users/z434/OneDrive/Documents/Vivado Projects/EE470PROJ/COMPE470PROJ/COMPE470PROJ.srcs/sources_1/new/TBD.v:259]
WARNING: [Synth 8-689] width (6) of port connection 'B5IN' does not match port width (5) of module 'LFSR_32BIT' [C:/Users/z434/OneDrive/Documents/Vivado Projects/EE470PROJ/COMPE470PROJ/COMPE470PROJ.srcs/sources_1/new/TBD.v:259]
INFO: [Synth 8-6157] synthesizing module 'BIT5_FROM_LFSR' [C:/Users/z434/OneDrive/Documents/Vivado Projects/EE470PROJ/COMPE470PROJ/COMPE470PROJ.srcs/sources_1/new/TBD.v:49]
INFO: [Synth 8-6155] done synthesizing module 'BIT5_FROM_LFSR' (0#1) [C:/Users/z434/OneDrive/Documents/Vivado Projects/EE470PROJ/COMPE470PROJ/COMPE470PROJ.srcs/sources_1/new/TBD.v:49]
WARNING: [Synth 8-689] width (6) of port connection 'B5IN' does not match port width (5) of module 'BIT5_FROM_LFSR' [C:/Users/z434/OneDrive/Documents/Vivado Projects/EE470PROJ/COMPE470PROJ/COMPE470PROJ.srcs/sources_1/new/TBD.v:261]
INFO: [Synth 8-6157] synthesizing module 'BAD_COMPARE' [C:/Users/z434/OneDrive/Documents/Vivado Projects/EE470PROJ/COMPE470PROJ/COMPE470PROJ.srcs/sources_1/new/TBD.v:78]
WARNING: [Synth 8-567] referenced signal 'HOTFROMLFSR' should be on the sensitivity list [C:/Users/z434/OneDrive/Documents/Vivado Projects/EE470PROJ/COMPE470PROJ/COMPE470PROJ.srcs/sources_1/new/TBD.v:87]
WARNING: [Synth 8-567] referenced signal 'TOG' should be on the sensitivity list [C:/Users/z434/OneDrive/Documents/Vivado Projects/EE470PROJ/COMPE470PROJ/COMPE470PROJ.srcs/sources_1/new/TBD.v:87]
WARNING: [Synth 8-567] referenced signal 'PLAYER1IN' should be on the sensitivity list [C:/Users/z434/OneDrive/Documents/Vivado Projects/EE470PROJ/COMPE470PROJ/COMPE470PROJ.srcs/sources_1/new/TBD.v:87]
WARNING: [Synth 8-567] referenced signal 'PLAYER2IN' should be on the sensitivity list [C:/Users/z434/OneDrive/Documents/Vivado Projects/EE470PROJ/COMPE470PROJ/COMPE470PROJ.srcs/sources_1/new/TBD.v:87]
INFO: [Synth 8-6155] done synthesizing module 'BAD_COMPARE' (0#1) [C:/Users/z434/OneDrive/Documents/Vivado Projects/EE470PROJ/COMPE470PROJ/COMPE470PROJ.srcs/sources_1/new/TBD.v:78]
INFO: [Synth 8-6157] synthesizing module 'TURN_SCORE_COUNTER' [C:/Users/z434/OneDrive/Documents/Vivado Projects/EE470PROJ/COMPE470PROJ/COMPE470PROJ.srcs/sources_1/new/TBD.v:120]
INFO: [Synth 8-6155] done synthesizing module 'TURN_SCORE_COUNTER' (0#1) [C:/Users/z434/OneDrive/Documents/Vivado Projects/EE470PROJ/COMPE470PROJ/COMPE470PROJ.srcs/sources_1/new/TBD.v:120]
INFO: [Synth 8-6157] synthesizing module 'SCORE_DEMUX' [C:/Users/z434/OneDrive/Documents/Vivado Projects/EE470PROJ/COMPE470PROJ/COMPE470PROJ.srcs/sources_1/new/TBD.v:145]
INFO: [Synth 8-6155] done synthesizing module 'SCORE_DEMUX' (0#1) [C:/Users/z434/OneDrive/Documents/Vivado Projects/EE470PROJ/COMPE470PROJ/COMPE470PROJ.srcs/sources_1/new/TBD.v:145]
INFO: [Synth 8-6157] synthesizing module 'SCORE_REGISTER' [C:/Users/z434/OneDrive/Documents/Vivado Projects/EE470PROJ/COMPE470PROJ/COMPE470PROJ.srcs/sources_1/new/TBD.v:164]
WARNING: [Synth 8-567] referenced signal 'TOTAL_SCORE' should be on the sensitivity list [C:/Users/z434/OneDrive/Documents/Vivado Projects/EE470PROJ/COMPE470PROJ/COMPE470PROJ.srcs/sources_1/new/TBD.v:174]
INFO: [Synth 8-6155] done synthesizing module 'SCORE_REGISTER' (0#1) [C:/Users/z434/OneDrive/Documents/Vivado Projects/EE470PROJ/COMPE470PROJ/COMPE470PROJ.srcs/sources_1/new/TBD.v:164]
WARNING: [Synth 8-689] width (32) of port connection 'TOTAL_SCORE' does not match port width (6) of module 'SCORE_REGISTER' [C:/Users/z434/OneDrive/Documents/Vivado Projects/EE470PROJ/COMPE470PROJ/COMPE470PROJ.srcs/sources_1/new/TBD.v:272]
WARNING: [Synth 8-689] width (32) of port connection 'TOTAL_SCORE' does not match port width (6) of module 'SCORE_REGISTER' [C:/Users/z434/OneDrive/Documents/Vivado Projects/EE470PROJ/COMPE470PROJ/COMPE470PROJ.srcs/sources_1/new/TBD.v:273]
INFO: [Synth 8-6157] synthesizing module 'RST_DRIVER' [C:/Users/z434/OneDrive/Documents/Vivado Projects/EE470PROJ/COMPE470PROJ/COMPE470PROJ.srcs/sources_1/new/TBD.v:182]
INFO: [Synth 8-6155] done synthesizing module 'RST_DRIVER' (0#1) [C:/Users/z434/OneDrive/Documents/Vivado Projects/EE470PROJ/COMPE470PROJ/COMPE470PROJ.srcs/sources_1/new/TBD.v:182]
WARNING: [Synth 8-689] width (32) of port connection 'TOTAL_SCORE_1' does not match port width (6) of module 'RST_DRIVER' [C:/Users/z434/OneDrive/Documents/Vivado Projects/EE470PROJ/COMPE470PROJ/COMPE470PROJ.srcs/sources_1/new/TBD.v:274]
WARNING: [Synth 8-689] width (32) of port connection 'TOTAL_SCORE_2' does not match port width (6) of module 'RST_DRIVER' [C:/Users/z434/OneDrive/Documents/Vivado Projects/EE470PROJ/COMPE470PROJ/COMPE470PROJ.srcs/sources_1/new/TBD.v:275]
INFO: [Synth 8-6155] done synthesizing module 'WHACK_THAT_MOLE' (0#1) [C:/Users/z434/OneDrive/Documents/Vivado Projects/EE470PROJ/COMPE470PROJ/COMPE470PROJ.srcs/sources_1/new/TBD.v:244]
WARNING: [Synth 8-3917] design WHACK_THAT_MOLE has port SCORE_OUT_P1[31] driven by constant 0
WARNING: [Synth 8-3917] design WHACK_THAT_MOLE has port SCORE_OUT_P1[30] driven by constant 0
WARNING: [Synth 8-3917] design WHACK_THAT_MOLE has port SCORE_OUT_P1[29] driven by constant 0
WARNING: [Synth 8-3917] design WHACK_THAT_MOLE has port SCORE_OUT_P1[28] driven by constant 0
WARNING: [Synth 8-3917] design WHACK_THAT_MOLE has port SCORE_OUT_P1[27] driven by constant 0
WARNING: [Synth 8-3917] design WHACK_THAT_MOLE has port SCORE_OUT_P1[26] driven by constant 0
WARNING: [Synth 8-3917] design WHACK_THAT_MOLE has port SCORE_OUT_P1[25] driven by constant 0
WARNING: [Synth 8-3917] design WHACK_THAT_MOLE has port SCORE_OUT_P1[24] driven by constant 0
WARNING: [Synth 8-3917] design WHACK_THAT_MOLE has port SCORE_OUT_P1[23] driven by constant 0
WARNING: [Synth 8-3917] design WHACK_THAT_MOLE has port SCORE_OUT_P1[22] driven by constant 0
WARNING: [Synth 8-3917] design WHACK_THAT_MOLE has port SCORE_OUT_P1[21] driven by constant 0
WARNING: [Synth 8-3917] design WHACK_THAT_MOLE has port SCORE_OUT_P1[20] driven by constant 0
WARNING: [Synth 8-3917] design WHACK_THAT_MOLE has port SCORE_OUT_P1[19] driven by constant 0
WARNING: [Synth 8-3917] design WHACK_THAT_MOLE has port SCORE_OUT_P1[18] driven by constant 0
WARNING: [Synth 8-3917] design WHACK_THAT_MOLE has port SCORE_OUT_P1[17] driven by constant 0
WARNING: [Synth 8-3917] design WHACK_THAT_MOLE has port SCORE_OUT_P1[16] driven by constant 0
WARNING: [Synth 8-3917] design WHACK_THAT_MOLE has port SCORE_OUT_P1[15] driven by constant 0
WARNING: [Synth 8-3917] design WHACK_THAT_MOLE has port SCORE_OUT_P1[14] driven by constant 0
WARNING: [Synth 8-3917] design WHACK_THAT_MOLE has port SCORE_OUT_P1[13] driven by constant 0
WARNING: [Synth 8-3917] design WHACK_THAT_MOLE has port SCORE_OUT_P1[12] driven by constant 0
WARNING: [Synth 8-3917] design WHACK_THAT_MOLE has port SCORE_OUT_P1[11] driven by constant 0
WARNING: [Synth 8-3917] design WHACK_THAT_MOLE has port SCORE_OUT_P1[10] driven by constant 0
WARNING: [Synth 8-3917] design WHACK_THAT_MOLE has port SCORE_OUT_P1[9] driven by constant 0
WARNING: [Synth 8-3917] design WHACK_THAT_MOLE has port SCORE_OUT_P1[8] driven by constant 0
WARNING: [Synth 8-3917] design WHACK_THAT_MOLE has port SCORE_OUT_P1[7] driven by constant 0
WARNING: [Synth 8-3917] design WHACK_THAT_MOLE has port SCORE_OUT_P1[6] driven by constant 0
WARNING: [Synth 8-3917] design WHACK_THAT_MOLE has port SCORE_OUT_P2[31] driven by constant 0
WARNING: [Synth 8-3917] design WHACK_THAT_MOLE has port SCORE_OUT_P2[30] driven by constant 0
WARNING: [Synth 8-3917] design WHACK_THAT_MOLE has port SCORE_OUT_P2[29] driven by constant 0
WARNING: [Synth 8-3917] design WHACK_THAT_MOLE has port SCORE_OUT_P2[28] driven by constant 0
WARNING: [Synth 8-3917] design WHACK_THAT_MOLE has port SCORE_OUT_P2[27] driven by constant 0
WARNING: [Synth 8-3917] design WHACK_THAT_MOLE has port SCORE_OUT_P2[26] driven by constant 0
WARNING: [Synth 8-3917] design WHACK_THAT_MOLE has port SCORE_OUT_P2[25] driven by constant 0
WARNING: [Synth 8-3917] design WHACK_THAT_MOLE has port SCORE_OUT_P2[24] driven by constant 0
WARNING: [Synth 8-3917] design WHACK_THAT_MOLE has port SCORE_OUT_P2[23] driven by constant 0
WARNING: [Synth 8-3917] design WHACK_THAT_MOLE has port SCORE_OUT_P2[22] driven by constant 0
WARNING: [Synth 8-3917] design WHACK_THAT_MOLE has port SCORE_OUT_P2[21] driven by constant 0
WARNING: [Synth 8-3917] design WHACK_THAT_MOLE has port SCORE_OUT_P2[20] driven by constant 0
WARNING: [Synth 8-3917] design WHACK_THAT_MOLE has port SCORE_OUT_P2[19] driven by constant 0
WARNING: [Synth 8-3917] design WHACK_THAT_MOLE has port SCORE_OUT_P2[18] driven by constant 0
WARNING: [Synth 8-3917] design WHACK_THAT_MOLE has port SCORE_OUT_P2[17] driven by constant 0
WARNING: [Synth 8-3917] design WHACK_THAT_MOLE has port SCORE_OUT_P2[16] driven by constant 0
WARNING: [Synth 8-3917] design WHACK_THAT_MOLE has port SCORE_OUT_P2[15] driven by constant 0
WARNING: [Synth 8-3917] design WHACK_THAT_MOLE has port SCORE_OUT_P2[14] driven by constant 0
WARNING: [Synth 8-3917] design WHACK_THAT_MOLE has port SCORE_OUT_P2[13] driven by constant 0
WARNING: [Synth 8-3917] design WHACK_THAT_MOLE has port SCORE_OUT_P2[12] driven by constant 0
WARNING: [Synth 8-3917] design WHACK_THAT_MOLE has port SCORE_OUT_P2[11] driven by constant 0
WARNING: [Synth 8-3917] design WHACK_THAT_MOLE has port SCORE_OUT_P2[10] driven by constant 0
WARNING: [Synth 8-3917] design WHACK_THAT_MOLE has port SCORE_OUT_P2[9] driven by constant 0
WARNING: [Synth 8-3917] design WHACK_THAT_MOLE has port SCORE_OUT_P2[8] driven by constant 0
WARNING: [Synth 8-3917] design WHACK_THAT_MOLE has port SCORE_OUT_P2[7] driven by constant 0
WARNING: [Synth 8-3917] design WHACK_THAT_MOLE has port SCORE_OUT_P2[6] driven by constant 0
WARNING: [Synth 8-7129] Port RST in module SCORE_DEMUX is either unconnected or has no load
WARNING: [Synth 8-7129] Port TOG in module TURN_SCORE_COUNTER is either unconnected or has no load
WARNING: [Synth 8-7129] Port RST in module LFSR_32BIT is either unconnected or has no load
---------------------------------------------------------------------------------
Finished Synthesize : Time (s): cpu = 00:00:14 ; elapsed = 00:00:16 . Memory (MB): peak = 924.965 ; gain = 500.508
---------------------------------------------------------------------------------
---------------------------------------------------------------------------------
Finished Constraint Validation : Time (s): cpu = 00:00:16 ; elapsed = 00:00:17 . Memory (MB): peak = 924.965 ; gain = 500.508
---------------------------------------------------------------------------------
---------------------------------------------------------------------------------
Start Loading Part and Timing Information
---------------------------------------------------------------------------------
Loading part: xc7k70tfbv676-1
---------------------------------------------------------------------------------
INFO: [Device 21-403] Loading part xc7k70tfbv676-1
Finished Loading Part and Timing Information : Time (s): cpu = 00:00:16 ; elapsed = 00:00:17 . Memory (MB): peak = 924.965 ; gain = 500.508
---------------------------------------------------------------------------------
---------------------------------------------------------------------------------
Start Preparing Guide Design
---------------------------------------------------------------------------------
CRITICAL WARNING: [Synth 8-6895] The reference checkpoint C:/Users/z434/OneDrive/Documents/Vivado Projects/EE470PROJ/COMPE470PROJ/COMPE470PROJ.srcs/utils_1/imports/synth_1/BIT5_FROM_LFSR.dcp is not suitable for use with incremental synthesis for this design. Please regenerate the checkpoint for this design with -incremental_synth switch in the same Vivado session that synth_design has been run. Synthesis will continue with the default flow
---------------------------------------------------------------------------------
Finished Doing Graph Differ : Time (s): cpu = 00:00:16 ; elapsed = 00:00:17 . Memory (MB): peak = 924.965 ; gain = 500.508
---------------------------------------------------------------------------------
---------------------------------------------------------------------------------
Finished Preparing Guide Design : Time (s): cpu = 00:00:16 ; elapsed = 00:00:17 . Memory (MB): peak = 924.965 ; gain = 500.508
---------------------------------------------------------------------------------
WARNING: [Synth 8-327] inferring latch for variable 'MISS_reg' [C:/Users/z434/OneDrive/Documents/Vivado Projects/EE470PROJ/COMPE470PROJ/COMPE470PROJ.srcs/sources_1/new/TBD.v:97]
WARNING: [Synth 8-327] inferring latch for variable 'HIT_reg' [C:/Users/z434/OneDrive/Documents/Vivado Projects/EE470PROJ/COMPE470PROJ/COMPE470PROJ.srcs/sources_1/new/TBD.v:90]
WARNING: [Synth 8-327] inferring latch for variable 'CURRENT_PLAYER_reg' [C:/Users/z434/OneDrive/Documents/Vivado Projects/EE470PROJ/COMPE470PROJ/COMPE470PROJ.srcs/sources_1/new/TBD.v:89]
WARNING: [Synth 8-327] inferring latch for variable 'internal_HOLD_reg' [C:/Users/z434/OneDrive/Documents/Vivado Projects/EE470PROJ/COMPE470PROJ/COMPE470PROJ.srcs/sources_1/new/TBD.v:95]
WARNING: [Synth 8-327] inferring latch for variable 'SCORE_reg' [C:/Users/z434/OneDrive/Documents/Vivado Projects/EE470PROJ/COMPE470PROJ/COMPE470PROJ.srcs/sources_1/new/TBD.v:138]
WARNING: [Synth 8-327] inferring latch for variable 'SCORE_P1_reg' [C:/Users/z434/OneDrive/Documents/Vivado Projects/EE470PROJ/COMPE470PROJ/COMPE470PROJ.srcs/sources_1/new/TBD.v:151]
WARNING: [Synth 8-327] inferring latch for variable 'SCORE_P2_reg' [C:/Users/z434/OneDrive/Documents/Vivado Projects/EE470PROJ/COMPE470PROJ/COMPE470PROJ.srcs/sources_1/new/TBD.v:152]
WARNING: [Synth 8-327] inferring latch for variable 'TOTAL_SCORE_reg' [C:/Users/z434/OneDrive/Documents/Vivado Projects/EE470PROJ/COMPE470PROJ/COMPE470PROJ.srcs/sources_1/new/TBD.v:169]
WARNING: [Synth 8-327] inferring latch for variable 'RST_reg' [C:/Users/z434/OneDrive/Documents/Vivado Projects/EE470PROJ/COMPE470PROJ/COMPE470PROJ.srcs/sources_1/new/TBD.v:228]
WARNING: [Synth 8-327] inferring latch for variable 'RST_INTERNAL_PLAYER_reg' [C:/Users/z434/OneDrive/Documents/Vivado Projects/EE470PROJ/COMPE470PROJ/COMPE470PROJ.srcs/sources_1/new/TBD.v:198]
WARNING: [Synth 8-327] inferring latch for variable 'HARD_LIMIT_reg' [C:/Users/z434/OneDrive/Documents/Vivado Projects/EE470PROJ/COMPE470PROJ/COMPE470PROJ.srcs/sources_1/new/TBD.v:219]
WARNING: [Synth 8-327] inferring latch for variable 'RST_INTERNAL_COUNTER_reg' [C:/Users/z434/OneDrive/Documents/Vivado Projects/EE470PROJ/COMPE470PROJ/COMPE470PROJ.srcs/sources_1/new/TBD.v:200]
---------------------------------------------------------------------------------
Finished RTL Optimization Phase 2 : Time (s): cpu = 00:00:16 ; elapsed = 00:00:17 . Memory (MB): peak = 924.965 ; gain = 500.508
---------------------------------------------------------------------------------


Incremental Synthesis Report Summary:

1. Incremental synthesis run: no

   Reason for not running incremental synthesis : 


INFO: [Synth 8-7130] Flow is switching to default flow due to incremental criteria not met. If you would like to alter this behaviour and have the flow terminate instead, please set the following parameter config_implementation {autoIncr.Synth.RejectBehavior Terminate}
No constraint files found.
---------------------------------------------------------------------------------
Start RTL Component Statistics 
---------------------------------------------------------------------------------
Detailed RTL Component Info : 
+---Adders : 
	   2 Input    6 Bit       Adders := 5     
+---XORs : 
	   4 Input      1 Bit         XORs := 1     
+---Registers : 
	               32 Bit    Registers := 1     
	                1 Bit    Registers := 1     
+---Muxes : 
	   2 Input   32 Bit        Muxes := 3     
	   2 Input    6 Bit        Muxes := 6     
	   3 Input    6 Bit        Muxes := 1     
	   2 Input    5 Bit        Muxes := 1     
	   2 Input    4 Bit        Muxes := 1     
	   3 Input    1 Bit        Muxes := 4     
	   2 Input    1 Bit        Muxes := 3     
---------------------------------------------------------------------------------
Finished RTL Component Statistics 
---------------------------------------------------------------------------------
---------------------------------------------------------------------------------
Start Part Resource Summary
---------------------------------------------------------------------------------
Part Resources:
DSPs: 240 (col length:80)
BRAMs: 270 (col length: RAMB18 80 RAMB36 40)
---------------------------------------------------------------------------------
Finished Part Resource Summary
---------------------------------------------------------------------------------
No constraint files found.
---------------------------------------------------------------------------------
Start Cross Boundary and Area Optimization
---------------------------------------------------------------------------------
WARNING: [Synth 8-7080] Parallel synthesis criteria is not met
WARNING: [Synth 8-3917] design WHACK_THAT_MOLE has port SCORE_OUT_P1[31] driven by constant 0
WARNING: [Synth 8-3917] design WHACK_THAT_MOLE has port SCORE_OUT_P1[30] driven by constant 0
WARNING: [Synth 8-3917] design WHACK_THAT_MOLE has port SCORE_OUT_P1[29] driven by constant 0
WARNING: [Synth 8-3917] design WHACK_THAT_MOLE has port SCORE_OUT_P1[28] driven by constant 0
WARNING: [Synth 8-3917] design WHACK_THAT_MOLE has port SCORE_OUT_P1[27] driven by constant 0
WARNING: [Synth 8-3917] design WHACK_THAT_MOLE has port SCORE_OUT_P1[26] driven by constant 0
WARNING: [Synth 8-3917] design WHACK_THAT_MOLE has port SCORE_OUT_P1[25] driven by constant 0
WARNING: [Synth 8-3917] design WHACK_THAT_MOLE has port SCORE_OUT_P1[24] driven by constant 0
WARNING: [Synth 8-3917] design WHACK_THAT_MOLE has port SCORE_OUT_P1[23] driven by constant 0
WARNING: [Synth 8-3917] design WHACK_THAT_MOLE has port SCORE_OUT_P1[22] driven by constant 0
WARNING: [Synth 8-3917] design WHACK_THAT_MOLE has port SCORE_OUT_P1[21] driven by constant 0
WARNING: [Synth 8-3917] design WHACK_THAT_MOLE has port SCORE_OUT_P1[20] driven by constant 0
WARNING: [Synth 8-3917] design WHACK_THAT_MOLE has port SCORE_OUT_P1[19] driven by constant 0
WARNING: [Synth 8-3917] design WHACK_THAT_MOLE has port SCORE_OUT_P1[18] driven by constant 0
WARNING: [Synth 8-3917] design WHACK_THAT_MOLE has port SCORE_OUT_P1[17] driven by constant 0
WARNING: [Synth 8-3917] design WHACK_THAT_MOLE has port SCORE_OUT_P1[16] driven by constant 0
WARNING: [Synth 8-3917] design WHACK_THAT_MOLE has port SCORE_OUT_P1[15] driven by constant 0
WARNING: [Synth 8-3917] design WHACK_THAT_MOLE has port SCORE_OUT_P1[14] driven by constant 0
WARNING: [Synth 8-3917] design WHACK_THAT_MOLE has port SCORE_OUT_P1[13] driven by constant 0
WARNING: [Synth 8-3917] design WHACK_THAT_MOLE has port SCORE_OUT_P1[12] driven by constant 0
WARNING: [Synth 8-3917] design WHACK_THAT_MOLE has port SCORE_OUT_P1[11] driven by constant 0
WARNING: [Synth 8-3917] design WHACK_THAT_MOLE has port SCORE_OUT_P1[10] driven by constant 0
WARNING: [Synth 8-3917] design WHACK_THAT_MOLE has port SCORE_OUT_P1[9] driven by constant 0
WARNING: [Synth 8-3917] design WHACK_THAT_MOLE has port SCORE_OUT_P1[8] driven by constant 0
WARNING: [Synth 8-3917] design WHACK_THAT_MOLE has port SCORE_OUT_P1[7] driven by constant 0
WARNING: [Synth 8-3917] design WHACK_THAT_MOLE has port SCORE_OUT_P1[6] driven by constant 0
WARNING: [Synth 8-3917] design WHACK_THAT_MOLE has port SCORE_OUT_P2[31] driven by constant 0
WARNING: [Synth 8-3917] design WHACK_THAT_MOLE has port SCORE_OUT_P2[30] driven by constant 0
WARNING: [Synth 8-3917] design WHACK_THAT_MOLE has port SCORE_OUT_P2[29] driven by constant 0
WARNING: [Synth 8-3917] design WHACK_THAT_MOLE has port SCORE_OUT_P2[28] driven by constant 0
WARNING: [Synth 8-3917] design WHACK_THAT_MOLE has port SCORE_OUT_P2[27] driven by constant 0
WARNING: [Synth 8-3917] design WHACK_THAT_MOLE has port SCORE_OUT_P2[26] driven by constant 0
WARNING: [Synth 8-3917] design WHACK_THAT_MOLE has port SCORE_OUT_P2[25] driven by constant 0
WARNING: [Synth 8-3917] design WHACK_THAT_MOLE has port SCORE_OUT_P2[24] driven by constant 0
WARNING: [Synth 8-3917] design WHACK_THAT_MOLE has port SCORE_OUT_P2[23] driven by constant 0
WARNING: [Synth 8-3917] design WHACK_THAT_MOLE has port SCORE_OUT_P2[22] driven by constant 0
WARNING: [Synth 8-3917] design WHACK_THAT_MOLE has port SCORE_OUT_P2[21] driven by constant 0
WARNING: [Synth 8-3917] design WHACK_THAT_MOLE has port SCORE_OUT_P2[20] driven by constant 0
WARNING: [Synth 8-3917] design WHACK_THAT_MOLE has port SCORE_OUT_P2[19] driven by constant 0
WARNING: [Synth 8-3917] design WHACK_THAT_MOLE has port SCORE_OUT_P2[18] driven by constant 0
WARNING: [Synth 8-3917] design WHACK_THAT_MOLE has port SCORE_OUT_P2[17] driven by constant 0
WARNING: [Synth 8-3917] design WHACK_THAT_MOLE has port SCORE_OUT_P2[16] driven by constant 0
WARNING: [Synth 8-3917] design WHACK_THAT_MOLE has port SCORE_OUT_P2[15] driven by constant 0
WARNING: [Synth 8-3917] design WHACK_THAT_MOLE has port SCORE_OUT_P2[14] driven by constant 0
WARNING: [Synth 8-3917] design WHACK_THAT_MOLE has port SCORE_OUT_P2[13] driven by constant 0
WARNING: [Synth 8-3917] design WHACK_THAT_MOLE has port SCORE_OUT_P2[12] driven by constant 0
WARNING: [Synth 8-3917] design WHACK_THAT_MOLE has port SCORE_OUT_P2[11] driven by constant 0
WARNING: [Synth 8-3917] design WHACK_THAT_MOLE has port SCORE_OUT_P2[10] driven by constant 0
INFO: [Common 17-14] Message 'Synth 8-3917' appears 100 times and further instances of the messages will be disabled. Use the Tcl command set_msg_config to change the current settings.
WARNING: [Synth 8-3332] Sequential element (SCD/SCORE_P1_reg[5]) is unused and will be removed from module WHACK_THAT_MOLE.
WARNING: [Synth 8-3332] Sequential element (SCD/SCORE_P1_reg[4]) is unused and will be removed from module WHACK_THAT_MOLE.
WARNING: [Synth 8-3332] Sequential element (SCD/SCORE_P1_reg[3]) is unused and will be removed from module WHACK_THAT_MOLE.
WARNING: [Synth 8-3332] Sequential element (SCD/SCORE_P1_reg[2]) is unused and will be removed from module WHACK_THAT_MOLE.
WARNING: [Synth 8-3332] Sequential element (SCD/SCORE_P1_reg[1]) is unused and will be removed from module WHACK_THAT_MOLE.
WARNING: [Synth 8-3332] Sequential element (SCD/SCORE_P1_reg[0]) is unused and will be removed from module WHACK_THAT_MOLE.
WARNING: [Synth 8-3332] Sequential element (nolabel_line274/RST_INTERNAL_PLAYER_reg[5]) is unused and will be removed from module WHACK_THAT_MOLE.
WARNING: [Synth 8-3332] Sequential element (nolabel_line274/RST_INTERNAL_PLAYER_reg[4]) is unused and will be removed from module WHACK_THAT_MOLE.
WARNING: [Synth 8-3332] Sequential element (nolabel_line274/RST_INTERNAL_PLAYER_reg[3]) is unused and will be removed from module WHACK_THAT_MOLE.
WARNING: [Synth 8-3332] Sequential element (nolabel_line274/RST_INTERNAL_PLAYER_reg[2]) is unused and will be removed from module WHACK_THAT_MOLE.
WARNING: [Synth 8-3332] Sequential element (nolabel_line274/RST_INTERNAL_PLAYER_reg[1]) is unused and will be removed from module WHACK_THAT_MOLE.
WARNING: [Synth 8-3332] Sequential element (nolabel_line274/RST_INTERNAL_PLAYER_reg[0]) is unused and will be removed from module WHACK_THAT_MOLE.
WARNING: [Synth 8-3332] Sequential element (nolabel_line274/HARD_LIMIT_reg[5]) is unused and will be removed from module WHACK_THAT_MOLE.
WARNING: [Synth 8-3332] Sequential element (nolabel_line274/HARD_LIMIT_reg[0]) is unused and will be removed from module WHACK_THAT_MOLE.
---------------------------------------------------------------------------------
Finished Cross Boundary and Area Optimization : Time (s): cpu = 00:00:29 ; elapsed = 00:00:50 . Memory (MB): peak = 1113.598 ; gain = 689.141
---------------------------------------------------------------------------------
No constraint files found.
---------------------------------------------------------------------------------
Start Timing Optimization
---------------------------------------------------------------------------------
---------------------------------------------------------------------------------
Finished Timing Optimization : Time (s): cpu = 00:00:29 ; elapsed = 00:00:50 . Memory (MB): peak = 1113.598 ; gain = 689.141
---------------------------------------------------------------------------------
---------------------------------------------------------------------------------
Start Technology Mapping
---------------------------------------------------------------------------------
---------------------------------------------------------------------------------
Finished Technology Mapping : Time (s): cpu = 00:00:29 ; elapsed = 00:00:50 . Memory (MB): peak = 1113.598 ; gain = 689.141
---------------------------------------------------------------------------------
---------------------------------------------------------------------------------
Start IO Insertion
---------------------------------------------------------------------------------
---------------------------------------------------------------------------------
Start Flattening Before IO Insertion
---------------------------------------------------------------------------------
---------------------------------------------------------------------------------
Finished Flattening Before IO Insertion
---------------------------------------------------------------------------------
---------------------------------------------------------------------------------
Start Final Netlist Cleanup
---------------------------------------------------------------------------------
---------------------------------------------------------------------------------
Finished Final Netlist Cleanup
---------------------------------------------------------------------------------
---------------------------------------------------------------------------------
Finished IO Insertion : Time (s): cpu = 00:00:41 ; elapsed = 00:01:02 . Memory (MB): peak = 1113.598 ; gain = 689.141
---------------------------------------------------------------------------------
---------------------------------------------------------------------------------
Start Renaming Generated Instances
---------------------------------------------------------------------------------
---------------------------------------------------------------------------------
Finished Renaming Generated Instances : Time (s): cpu = 00:00:41 ; elapsed = 00:01:02 . Memory (MB): peak = 1113.598 ; gain = 689.141
---------------------------------------------------------------------------------
CRITICAL WARNING: [Synth 8-6859] multi-driven net on pin MISS with 1st driver pin 'BCC/MISS_reg/Q' [C:/Users/z434/OneDrive/Documents/Vivado Projects/EE470PROJ/COMPE470PROJ/COMPE470PROJ.srcs/sources_1/new/TBD.v:110]
CRITICAL WARNING: [Synth 8-6859] multi-driven net on pin MISS with 2nd driver pin 'BCC/MISS_reg__0/Q' [C:/Users/z434/OneDrive/Documents/Vivado Projects/EE470PROJ/COMPE470PROJ/COMPE470PROJ.srcs/sources_1/new/TBD.v:97]
CRITICAL WARNING: [Synth 8-6859] multi-driven net on pin HIT with 1st driver pin 'BCC/HIT_reg/Q' [C:/Users/z434/OneDrive/Documents/Vivado Projects/EE470PROJ/COMPE470PROJ/COMPE470PROJ.srcs/sources_1/new/TBD.v:111]
CRITICAL WARNING: [Synth 8-6859] multi-driven net on pin HIT with 2nd driver pin 'BCC/HIT_reg__0/Q' [C:/Users/z434/OneDrive/Documents/Vivado Projects/EE470PROJ/COMPE470PROJ/COMPE470PROJ.srcs/sources_1/new/TBD.v:90]
CRITICAL WARNING: [Synth 8-6859] multi-driven net on pin BCC/CURRENT_PLAYER[31] with 1st driver pin 'BCC/CURRENT_PLAYER_reg[31]__0/Q' [C:/Users/z434/OneDrive/Documents/Vivado Projects/EE470PROJ/COMPE470PROJ/COMPE470PROJ.srcs/sources_1/new/TBD.v:89]
CRITICAL WARNING: [Synth 8-6859] multi-driven net on pin BCC/CURRENT_PLAYER[31] with 2nd driver pin 'BCC/CURRENT_PLAYER_reg[31]/Q' [C:/Users/z434/OneDrive/Documents/Vivado Projects/EE470PROJ/COMPE470PROJ/COMPE470PROJ.srcs/sources_1/new/TBD.v:113]
CRITICAL WARNING: [Synth 8-6859] multi-driven net on pin BCC/CURRENT_PLAYER[30] with 1st driver pin 'BCC/CURRENT_PLAYER_reg[30]__0/Q' [C:/Users/z434/OneDrive/Documents/Vivado Projects/EE470PROJ/COMPE470PROJ/COMPE470PROJ.srcs/sources_1/new/TBD.v:89]
CRITICAL WARNING: [Synth 8-6859] multi-driven net on pin BCC/CURRENT_PLAYER[30] with 2nd driver pin 'BCC/CURRENT_PLAYER_reg[30]/Q' [C:/Users/z434/OneDrive/Documents/Vivado Projects/EE470PROJ/COMPE470PROJ/COMPE470PROJ.srcs/sources_1/new/TBD.v:113]
CRITICAL WARNING: [Synth 8-6859] multi-driven net on pin BCC/CURRENT_PLAYER[29] with 1st driver pin 'BCC/CURRENT_PLAYER_reg[29]__0/Q' [C:/Users/z434/OneDrive/Documents/Vivado Projects/EE470PROJ/COMPE470PROJ/COMPE470PROJ.srcs/sources_1/new/TBD.v:89]
CRITICAL WARNING: [Synth 8-6859] multi-driven net on pin BCC/CURRENT_PLAYER[29] with 2nd driver pin 'BCC/CURRENT_PLAYER_reg[29]/Q' [C:/Users/z434/OneDrive/Documents/Vivado Projects/EE470PROJ/COMPE470PROJ/COMPE470PROJ.srcs/sources_1/new/TBD.v:113]
CRITICAL WARNING: [Synth 8-6859] multi-driven net on pin BCC/CURRENT_PLAYER[28] with 1st driver pin 'BCC/CURRENT_PLAYER_reg[28]__0/Q' [C:/Users/z434/OneDrive/Documents/Vivado Projects/EE470PROJ/COMPE470PROJ/COMPE470PROJ.srcs/sources_1/new/TBD.v:89]
CRITICAL WARNING: [Synth 8-6859] multi-driven net on pin BCC/CURRENT_PLAYER[28] with 2nd driver pin 'BCC/CURRENT_PLAYER_reg[28]/Q' [C:/Users/z434/OneDrive/Documents/Vivado Projects/EE470PROJ/COMPE470PROJ/COMPE470PROJ.srcs/sources_1/new/TBD.v:113]
CRITICAL WARNING: [Synth 8-6859] multi-driven net on pin BCC/CURRENT_PLAYER[27] with 1st driver pin 'BCC/CURRENT_PLAYER_reg[27]__0/Q' [C:/Users/z434/OneDrive/Documents/Vivado Projects/EE470PROJ/COMPE470PROJ/COMPE470PROJ.srcs/sources_1/new/TBD.v:89]
CRITICAL WARNING: [Synth 8-6859] multi-driven net on pin BCC/CURRENT_PLAYER[27] with 2nd driver pin 'BCC/CURRENT_PLAYER_reg[27]/Q' [C:/Users/z434/OneDrive/Documents/Vivado Projects/EE470PROJ/COMPE470PROJ/COMPE470PROJ.srcs/sources_1/new/TBD.v:113]
CRITICAL WARNING: [Synth 8-6859] multi-driven net on pin BCC/CURRENT_PLAYER[26] with 1st driver pin 'BCC/CURRENT_PLAYER_reg[26]__0/Q' [C:/Users/z434/OneDrive/Documents/Vivado Projects/EE470PROJ/COMPE470PROJ/COMPE470PROJ.srcs/sources_1/new/TBD.v:89]
CRITICAL WARNING: [Synth 8-6859] multi-driven net on pin BCC/CURRENT_PLAYER[26] with 2nd driver pin 'BCC/CURRENT_PLAYER_reg[26]/Q' [C:/Users/z434/OneDrive/Documents/Vivado Projects/EE470PROJ/COMPE470PROJ/COMPE470PROJ.srcs/sources_1/new/TBD.v:113]
CRITICAL WARNING: [Synth 8-6859] multi-driven net on pin BCC/CURRENT_PLAYER[25] with 1st driver pin 'BCC/CURRENT_PLAYER_reg[25]__0/Q' [C:/Users/z434/OneDrive/Documents/Vivado Projects/EE470PROJ/COMPE470PROJ/COMPE470PROJ.srcs/sources_1/new/TBD.v:89]
CRITICAL WARNING: [Synth 8-6859] multi-driven net on pin BCC/CURRENT_PLAYER[25] with 2nd driver pin 'BCC/CURRENT_PLAYER_reg[25]/Q' [C:/Users/z434/OneDrive/Documents/Vivado Projects/EE470PROJ/COMPE470PROJ/COMPE470PROJ.srcs/sources_1/new/TBD.v:113]
CRITICAL WARNING: [Synth 8-6859] multi-driven net on pin BCC/CURRENT_PLAYER[24] with 1st driver pin 'BCC/CURRENT_PLAYER_reg[24]__0/Q' [C:/Users/z434/OneDrive/Documents/Vivado Projects/EE470PROJ/COMPE470PROJ/COMPE470PROJ.srcs/sources_1/new/TBD.v:89]
CRITICAL WARNING: [Synth 8-6859] multi-driven net on pin BCC/CURRENT_PLAYER[24] with 2nd driver pin 'BCC/CURRENT_PLAYER_reg[24]/Q' [C:/Users/z434/OneDrive/Documents/Vivado Projects/EE470PROJ/COMPE470PROJ/COMPE470PROJ.srcs/sources_1/new/TBD.v:113]
CRITICAL WARNING: [Synth 8-6859] multi-driven net on pin BCC/CURRENT_PLAYER[23] with 1st driver pin 'BCC/CURRENT_PLAYER_reg[23]__0/Q' [C:/Users/z434/OneDrive/Documents/Vivado Projects/EE470PROJ/COMPE470PROJ/COMPE470PROJ.srcs/sources_1/new/TBD.v:89]
CRITICAL WARNING: [Synth 8-6859] multi-driven net on pin BCC/CURRENT_PLAYER[23] with 2nd driver pin 'BCC/CURRENT_PLAYER_reg[23]/Q' [C:/Users/z434/OneDrive/Documents/Vivado Projects/EE470PROJ/COMPE470PROJ/COMPE470PROJ.srcs/sources_1/new/TBD.v:113]
CRITICAL WARNING: [Synth 8-6859] multi-driven net on pin BCC/CURRENT_PLAYER[22] with 1st driver pin 'BCC/CURRENT_PLAYER_reg[22]__0/Q' [C:/Users/z434/OneDrive/Documents/Vivado Projects/EE470PROJ/COMPE470PROJ/COMPE470PROJ.srcs/sources_1/new/TBD.v:89]
CRITICAL WARNING: [Synth 8-6859] multi-driven net on pin BCC/CURRENT_PLAYER[22] with 2nd driver pin 'BCC/CURRENT_PLAYER_reg[22]/Q' [C:/Users/z434/OneDrive/Documents/Vivado Projects/EE470PROJ/COMPE470PROJ/COMPE470PROJ.srcs/sources_1/new/TBD.v:113]
CRITICAL WARNING: [Synth 8-6859] multi-driven net on pin BCC/CURRENT_PLAYER[21] with 1st driver pin 'BCC/CURRENT_PLAYER_reg[21]__0/Q' [C:/Users/z434/OneDrive/Documents/Vivado Projects/EE470PROJ/COMPE470PROJ/COMPE470PROJ.srcs/sources_1/new/TBD.v:89]
CRITICAL WARNING: [Synth 8-6859] multi-driven net on pin BCC/CURRENT_PLAYER[21] with 2nd driver pin 'BCC/CURRENT_PLAYER_reg[21]/Q' [C:/Users/z434/OneDrive/Documents/Vivado Projects/EE470PROJ/COMPE470PROJ/COMPE470PROJ.srcs/sources_1/new/TBD.v:113]
CRITICAL WARNING: [Synth 8-6859] multi-driven net on pin BCC/CURRENT_PLAYER[20] with 1st driver pin 'BCC/CURRENT_PLAYER_reg[20]__0/Q' [C:/Users/z434/OneDrive/Documents/Vivado Projects/EE470PROJ/COMPE470PROJ/COMPE470PROJ.srcs/sources_1/new/TBD.v:89]
CRITICAL WARNING: [Synth 8-6859] multi-driven net on pin BCC/CURRENT_PLAYER[20] with 2nd driver pin 'BCC/CURRENT_PLAYER_reg[20]/Q' [C:/Users/z434/OneDrive/Documents/Vivado Projects/EE470PROJ/COMPE470PROJ/COMPE470PROJ.srcs/sources_1/new/TBD.v:113]
CRITICAL WARNING: [Synth 8-6859] multi-driven net on pin BCC/CURRENT_PLAYER[19] with 1st driver pin 'BCC/CURRENT_PLAYER_reg[19]__0/Q' [C:/Users/z434/OneDrive/Documents/Vivado Projects/EE470PROJ/COMPE470PROJ/COMPE470PROJ.srcs/sources_1/new/TBD.v:89]
CRITICAL WARNING: [Synth 8-6859] multi-driven net on pin BCC/CURRENT_PLAYER[19] with 2nd driver pin 'BCC/CURRENT_PLAYER_reg[19]/Q' [C:/Users/z434/OneDrive/Documents/Vivado Projects/EE470PROJ/COMPE470PROJ/COMPE470PROJ.srcs/sources_1/new/TBD.v:113]
CRITICAL WARNING: [Synth 8-6859] multi-driven net on pin BCC/CURRENT_PLAYER[18] with 1st driver pin 'BCC/CURRENT_PLAYER_reg[18]__0/Q' [C:/Users/z434/OneDrive/Documents/Vivado Projects/EE470PROJ/COMPE470PROJ/COMPE470PROJ.srcs/sources_1/new/TBD.v:89]
CRITICAL WARNING: [Synth 8-6859] multi-driven net on pin BCC/CURRENT_PLAYER[18] with 2nd driver pin 'BCC/CURRENT_PLAYER_reg[18]/Q' [C:/Users/z434/OneDrive/Documents/Vivado Projects/EE470PROJ/COMPE470PROJ/COMPE470PROJ.srcs/sources_1/new/TBD.v:113]
CRITICAL WARNING: [Synth 8-6859] multi-driven net on pin BCC/CURRENT_PLAYER[17] with 1st driver pin 'BCC/CURRENT_PLAYER_reg[17]__0/Q' [C:/Users/z434/OneDrive/Documents/Vivado Projects/EE470PROJ/COMPE470PROJ/COMPE470PROJ.srcs/sources_1/new/TBD.v:89]
CRITICAL WARNING: [Synth 8-6859] multi-driven net on pin BCC/CURRENT_PLAYER[17] with 2nd driver pin 'BCC/CURRENT_PLAYER_reg[17]/Q' [C:/Users/z434/OneDrive/Documents/Vivado Projects/EE470PROJ/COMPE470PROJ/COMPE470PROJ.srcs/sources_1/new/TBD.v:113]
CRITICAL WARNING: [Synth 8-6859] multi-driven net on pin BCC/CURRENT_PLAYER[16] with 1st driver pin 'BCC/CURRENT_PLAYER_reg[16]__0/Q' [C:/Users/z434/OneDrive/Documents/Vivado Projects/EE470PROJ/COMPE470PROJ/COMPE470PROJ.srcs/sources_1/new/TBD.v:89]
CRITICAL WARNING: [Synth 8-6859] multi-driven net on pin BCC/CURRENT_PLAYER[16] with 2nd driver pin 'BCC/CURRENT_PLAYER_reg[16]/Q' [C:/Users/z434/OneDrive/Documents/Vivado Projects/EE470PROJ/COMPE470PROJ/COMPE470PROJ.srcs/sources_1/new/TBD.v:113]
CRITICAL WARNING: [Synth 8-6859] multi-driven net on pin BCC/CURRENT_PLAYER[15] with 1st driver pin 'BCC/CURRENT_PLAYER_reg[15]__0/Q' [C:/Users/z434/OneDrive/Documents/Vivado Projects/EE470PROJ/COMPE470PROJ/COMPE470PROJ.srcs/sources_1/new/TBD.v:89]
CRITICAL WARNING: [Synth 8-6859] multi-driven net on pin BCC/CURRENT_PLAYER[15] with 2nd driver pin 'BCC/CURRENT_PLAYER_reg[15]/Q' [C:/Users/z434/OneDrive/Documents/Vivado Projects/EE470PROJ/COMPE470PROJ/COMPE470PROJ.srcs/sources_1/new/TBD.v:113]
CRITICAL WARNING: [Synth 8-6859] multi-driven net on pin BCC/CURRENT_PLAYER[14] with 1st driver pin 'BCC/CURRENT_PLAYER_reg[14]__0/Q' [C:/Users/z434/OneDrive/Documents/Vivado Projects/EE470PROJ/COMPE470PROJ/COMPE470PROJ.srcs/sources_1/new/TBD.v:89]
CRITICAL WARNING: [Synth 8-6859] multi-driven net on pin BCC/CURRENT_PLAYER[14] with 2nd driver pin 'BCC/CURRENT_PLAYER_reg[14]/Q' [C:/Users/z434/OneDrive/Documents/Vivado Projects/EE470PROJ/COMPE470PROJ/COMPE470PROJ.srcs/sources_1/new/TBD.v:113]
CRITICAL WARNING: [Synth 8-6859] multi-driven net on pin BCC/CURRENT_PLAYER[13] with 1st driver pin 'BCC/CURRENT_PLAYER_reg[13]__0/Q' [C:/Users/z434/OneDrive/Documents/Vivado Projects/EE470PROJ/COMPE470PROJ/COMPE470PROJ.srcs/sources_1/new/TBD.v:89]
CRITICAL WARNING: [Synth 8-6859] multi-driven net on pin BCC/CURRENT_PLAYER[13] with 2nd driver pin 'BCC/CURRENT_PLAYER_reg[13]/Q' [C:/Users/z434/OneDrive/Documents/Vivado Projects/EE470PROJ/COMPE470PROJ/COMPE470PROJ.srcs/sources_1/new/TBD.v:113]
CRITICAL WARNING: [Synth 8-6859] multi-driven net on pin BCC/CURRENT_PLAYER[12] with 1st driver pin 'BCC/CURRENT_PLAYER_reg[12]__0/Q' [C:/Users/z434/OneDrive/Documents/Vivado Projects/EE470PROJ/COMPE470PROJ/COMPE470PROJ.srcs/sources_1/new/TBD.v:89]
CRITICAL WARNING: [Synth 8-6859] multi-driven net on pin BCC/CURRENT_PLAYER[12] with 2nd driver pin 'BCC/CURRENT_PLAYER_reg[12]/Q' [C:/Users/z434/OneDrive/Documents/Vivado Projects/EE470PROJ/COMPE470PROJ/COMPE470PROJ.srcs/sources_1/new/TBD.v:113]
CRITICAL WARNING: [Synth 8-6859] multi-driven net on pin BCC/CURRENT_PLAYER[11] with 1st driver pin 'BCC/CURRENT_PLAYER_reg[11]__0/Q' [C:/Users/z434/OneDrive/Documents/Vivado Projects/EE470PROJ/COMPE470PROJ/COMPE470PROJ.srcs/sources_1/new/TBD.v:89]
CRITICAL WARNING: [Synth 8-6859] multi-driven net on pin BCC/CURRENT_PLAYER[11] with 2nd driver pin 'BCC/CURRENT_PLAYER_reg[11]/Q' [C:/Users/z434/OneDrive/Documents/Vivado Projects/EE470PROJ/COMPE470PROJ/COMPE470PROJ.srcs/sources_1/new/TBD.v:113]
CRITICAL WARNING: [Synth 8-6859] multi-driven net on pin BCC/CURRENT_PLAYER[10] with 1st driver pin 'BCC/CURRENT_PLAYER_reg[10]__0/Q' [C:/Users/z434/OneDrive/Documents/Vivado Projects/EE470PROJ/COMPE470PROJ/COMPE470PROJ.srcs/sources_1/new/TBD.v:89]
CRITICAL WARNING: [Synth 8-6859] multi-driven net on pin BCC/CURRENT_PLAYER[10] with 2nd driver pin 'BCC/CURRENT_PLAYER_reg[10]/Q' [C:/Users/z434/OneDrive/Documents/Vivado Projects/EE470PROJ/COMPE470PROJ/COMPE470PROJ.srcs/sources_1/new/TBD.v:113]
CRITICAL WARNING: [Synth 8-6859] multi-driven net on pin BCC/CURRENT_PLAYER[9] with 1st driver pin 'BCC/CURRENT_PLAYER_reg[9]__0/Q' [C:/Users/z434/OneDrive/Documents/Vivado Projects/EE470PROJ/COMPE470PROJ/COMPE470PROJ.srcs/sources_1/new/TBD.v:89]
CRITICAL WARNING: [Synth 8-6859] multi-driven net on pin BCC/CURRENT_PLAYER[9] with 2nd driver pin 'BCC/CURRENT_PLAYER_reg[9]/Q' [C:/Users/z434/OneDrive/Documents/Vivado Projects/EE470PROJ/COMPE470PROJ/COMPE470PROJ.srcs/sources_1/new/TBD.v:113]
CRITICAL WARNING: [Synth 8-6859] multi-driven net on pin BCC/CURRENT_PLAYER[8] with 1st driver pin 'BCC/CURRENT_PLAYER_reg[8]__0/Q' [C:/Users/z434/OneDrive/Documents/Vivado Projects/EE470PROJ/COMPE470PROJ/COMPE470PROJ.srcs/sources_1/new/TBD.v:89]
CRITICAL WARNING: [Synth 8-6859] multi-driven net on pin BCC/CURRENT_PLAYER[8] with 2nd driver pin 'BCC/CURRENT_PLAYER_reg[8]/Q' [C:/Users/z434/OneDrive/Documents/Vivado Projects/EE470PROJ/COMPE470PROJ/COMPE470PROJ.srcs/sources_1/new/TBD.v:113]
CRITICAL WARNING: [Synth 8-6859] multi-driven net on pin BCC/CURRENT_PLAYER[7] with 1st driver pin 'BCC/CURRENT_PLAYER_reg[7]__0/Q' [C:/Users/z434/OneDrive/Documents/Vivado Projects/EE470PROJ/COMPE470PROJ/COMPE470PROJ.srcs/sources_1/new/TBD.v:89]
CRITICAL WARNING: [Synth 8-6859] multi-driven net on pin BCC/CURRENT_PLAYER[7] with 2nd driver pin 'BCC/CURRENT_PLAYER_reg[7]/Q' [C:/Users/z434/OneDrive/Documents/Vivado Projects/EE470PROJ/COMPE470PROJ/COMPE470PROJ.srcs/sources_1/new/TBD.v:113]
CRITICAL WARNING: [Synth 8-6859] multi-driven net on pin BCC/CURRENT_PLAYER[6] with 1st driver pin 'BCC/CURRENT_PLAYER_reg[6]__0/Q' [C:/Users/z434/OneDrive/Documents/Vivado Projects/EE470PROJ/COMPE470PROJ/COMPE470PROJ.srcs/sources_1/new/TBD.v:89]
CRITICAL WARNING: [Synth 8-6859] multi-driven net on pin BCC/CURRENT_PLAYER[6] with 2nd driver pin 'BCC/CURRENT_PLAYER_reg[6]/Q' [C:/Users/z434/OneDrive/Documents/Vivado Projects/EE470PROJ/COMPE470PROJ/COMPE470PROJ.srcs/sources_1/new/TBD.v:113]
CRITICAL WARNING: [Synth 8-6859] multi-driven net on pin BCC/CURRENT_PLAYER[5] with 1st driver pin 'BCC/CURRENT_PLAYER_reg[5]__0/Q' [C:/Users/z434/OneDrive/Documents/Vivado Projects/EE470PROJ/COMPE470PROJ/COMPE470PROJ.srcs/sources_1/new/TBD.v:89]
CRITICAL WARNING: [Synth 8-6859] multi-driven net on pin BCC/CURRENT_PLAYER[5] with 2nd driver pin 'BCC/CURRENT_PLAYER_reg[5]/Q' [C:/Users/z434/OneDrive/Documents/Vivado Projects/EE470PROJ/COMPE470PROJ/COMPE470PROJ.srcs/sources_1/new/TBD.v:113]
CRITICAL WARNING: [Synth 8-6859] multi-driven net on pin BCC/CURRENT_PLAYER[4] with 1st driver pin 'BCC/CURRENT_PLAYER_reg[4]__0/Q' [C:/Users/z434/OneDrive/Documents/Vivado Projects/EE470PROJ/COMPE470PROJ/COMPE470PROJ.srcs/sources_1/new/TBD.v:89]
CRITICAL WARNING: [Synth 8-6859] multi-driven net on pin BCC/CURRENT_PLAYER[4] with 2nd driver pin 'BCC/CURRENT_PLAYER_reg[4]/Q' [C:/Users/z434/OneDrive/Documents/Vivado Projects/EE470PROJ/COMPE470PROJ/COMPE470PROJ.srcs/sources_1/new/TBD.v:113]
CRITICAL WARNING: [Synth 8-6859] multi-driven net on pin BCC/CURRENT_PLAYER[3] with 1st driver pin 'BCC/CURRENT_PLAYER_reg[3]__0/Q' [C:/Users/z434/OneDrive/Documents/Vivado Projects/EE470PROJ/COMPE470PROJ/COMPE470PROJ.srcs/sources_1/new/TBD.v:89]
CRITICAL WARNING: [Synth 8-6859] multi-driven net on pin BCC/CURRENT_PLAYER[3] with 2nd driver pin 'BCC/CURRENT_PLAYER_reg[3]/Q' [C:/Users/z434/OneDrive/Documents/Vivado Projects/EE470PROJ/COMPE470PROJ/COMPE470PROJ.srcs/sources_1/new/TBD.v:113]
CRITICAL WARNING: [Synth 8-6859] multi-driven net on pin BCC/CURRENT_PLAYER[2] with 1st driver pin 'BCC/CURRENT_PLAYER_reg[2]__0/Q' [C:/Users/z434/OneDrive/Documents/Vivado Projects/EE470PROJ/COMPE470PROJ/COMPE470PROJ.srcs/sources_1/new/TBD.v:89]
CRITICAL WARNING: [Synth 8-6859] multi-driven net on pin BCC/CURRENT_PLAYER[2] with 2nd driver pin 'BCC/CURRENT_PLAYER_reg[2]/Q' [C:/Users/z434/OneDrive/Documents/Vivado Projects/EE470PROJ/COMPE470PROJ/COMPE470PROJ.srcs/sources_1/new/TBD.v:113]
CRITICAL WARNING: [Synth 8-6859] multi-driven net on pin BCC/CURRENT_PLAYER[1] with 1st driver pin 'BCC/CURRENT_PLAYER_reg[1]__0/Q' [C:/Users/z434/OneDrive/Documents/Vivado Projects/EE470PROJ/COMPE470PROJ/COMPE470PROJ.srcs/sources_1/new/TBD.v:89]
CRITICAL WARNING: [Synth 8-6859] multi-driven net on pin BCC/CURRENT_PLAYER[1] with 2nd driver pin 'BCC/CURRENT_PLAYER_reg[1]/Q' [C:/Users/z434/OneDrive/Documents/Vivado Projects/EE470PROJ/COMPE470PROJ/COMPE470PROJ.srcs/sources_1/new/TBD.v:113]
CRITICAL WARNING: [Synth 8-6859] multi-driven net on pin BCC/CURRENT_PLAYER[0] with 1st driver pin 'BCC/CURRENT_PLAYER_reg[0]__0/Q' [C:/Users/z434/OneDrive/Documents/Vivado Projects/EE470PROJ/COMPE470PROJ/COMPE470PROJ.srcs/sources_1/new/TBD.v:89]
CRITICAL WARNING: [Synth 8-6859] multi-driven net on pin BCC/CURRENT_PLAYER[0] with 2nd driver pin 'BCC/CURRENT_PLAYER_reg[0]/Q' [C:/Users/z434/OneDrive/Documents/Vivado Projects/EE470PROJ/COMPE470PROJ/COMPE470PROJ.srcs/sources_1/new/TBD.v:113]
CRITICAL WARNING: [Synth 8-6859] multi-driven net on pin BCC/internal_HOLD with 1st driver pin 'BCC/internal_HOLD_reg__0/Q' [C:/Users/z434/OneDrive/Documents/Vivado Projects/EE470PROJ/COMPE470PROJ/COMPE470PROJ.srcs/sources_1/new/TBD.v:95]
CRITICAL WARNING: [Synth 8-6859] multi-driven net on pin BCC/internal_HOLD with 2nd driver pin 'BCC/internal_HOLD_reg/Q' [C:/Users/z434/OneDrive/Documents/Vivado Projects/EE470PROJ/COMPE470PROJ/COMPE470PROJ.srcs/sources_1/new/TBD.v:112]
CRITICAL WARNING: [Synth 8-6859] multi-driven net on pin SCORE[5] with 1st driver pin 'TSC/SCORE_reg[5]/Q' [C:/Users/z434/OneDrive/Documents/Vivado Projects/EE470PROJ/COMPE470PROJ/COMPE470PROJ.srcs/sources_1/new/TBD.v:138]
CRITICAL WARNING: [Synth 8-6859] multi-driven net on pin SCORE[5] with 2nd driver pin 'TSC/SCORE_reg[5]__0/Q' [C:/Users/z434/OneDrive/Documents/Vivado Projects/EE470PROJ/COMPE470PROJ/COMPE470PROJ.srcs/sources_1/new/TBD.v:133]
CRITICAL WARNING: [Synth 8-6859] multi-driven net on pin SCORE[5] with 3rd driver pin 'TSC/SCORE_reg[5]__1/Q' [C:/Users/z434/OneDrive/Documents/Vivado Projects/EE470PROJ/COMPE470PROJ/COMPE470PROJ.srcs/sources_1/new/TBD.v:125]
CRITICAL WARNING: [Synth 8-6859] multi-driven net on pin SCORE[4] with 1st driver pin 'TSC/SCORE_reg[4]/Q' [C:/Users/z434/OneDrive/Documents/Vivado Projects/EE470PROJ/COMPE470PROJ/COMPE470PROJ.srcs/sources_1/new/TBD.v:138]
CRITICAL WARNING: [Synth 8-6859] multi-driven net on pin SCORE[4] with 2nd driver pin 'TSC/SCORE_reg[4]__0/Q' [C:/Users/z434/OneDrive/Documents/Vivado Projects/EE470PROJ/COMPE470PROJ/COMPE470PROJ.srcs/sources_1/new/TBD.v:133]
CRITICAL WARNING: [Synth 8-6859] multi-driven net on pin SCORE[4] with 3rd driver pin 'TSC/SCORE_reg[4]__1/Q' [C:/Users/z434/OneDrive/Documents/Vivado Projects/EE470PROJ/COMPE470PROJ/COMPE470PROJ.srcs/sources_1/new/TBD.v:125]
CRITICAL WARNING: [Synth 8-6859] multi-driven net on pin SCORE[3] with 1st driver pin 'TSC/SCORE_reg[3]/Q' [C:/Users/z434/OneDrive/Documents/Vivado Projects/EE470PROJ/COMPE470PROJ/COMPE470PROJ.srcs/sources_1/new/TBD.v:138]
CRITICAL WARNING: [Synth 8-6859] multi-driven net on pin SCORE[3] with 2nd driver pin 'TSC/SCORE_reg[3]__0/Q' [C:/Users/z434/OneDrive/Documents/Vivado Projects/EE470PROJ/COMPE470PROJ/COMPE470PROJ.srcs/sources_1/new/TBD.v:133]
CRITICAL WARNING: [Synth 8-6859] multi-driven net on pin SCORE[3] with 3rd driver pin 'TSC/SCORE_reg[3]__1/Q' [C:/Users/z434/OneDrive/Documents/Vivado Projects/EE470PROJ/COMPE470PROJ/COMPE470PROJ.srcs/sources_1/new/TBD.v:125]
CRITICAL WARNING: [Synth 8-6859] multi-driven net on pin SCORE[2] with 1st driver pin 'TSC/SCORE_reg[2]/Q' [C:/Users/z434/OneDrive/Documents/Vivado Projects/EE470PROJ/COMPE470PROJ/COMPE470PROJ.srcs/sources_1/new/TBD.v:138]
CRITICAL WARNING: [Synth 8-6859] multi-driven net on pin SCORE[2] with 2nd driver pin 'TSC/SCORE_reg[2]__0/Q' [C:/Users/z434/OneDrive/Documents/Vivado Projects/EE470PROJ/COMPE470PROJ/COMPE470PROJ.srcs/sources_1/new/TBD.v:133]
CRITICAL WARNING: [Synth 8-6859] multi-driven net on pin SCORE[2] with 3rd driver pin 'TSC/SCORE_reg[2]__1/Q' [C:/Users/z434/OneDrive/Documents/Vivado Projects/EE470PROJ/COMPE470PROJ/COMPE470PROJ.srcs/sources_1/new/TBD.v:125]
CRITICAL WARNING: [Synth 8-6859] multi-driven net on pin SCORE[1] with 1st driver pin 'TSC/SCORE_reg[1]/Q' [C:/Users/z434/OneDrive/Documents/Vivado Projects/EE470PROJ/COMPE470PROJ/COMPE470PROJ.srcs/sources_1/new/TBD.v:138]
CRITICAL WARNING: [Synth 8-6859] multi-driven net on pin SCORE[1] with 2nd driver pin 'TSC/SCORE_reg[1]__0/Q' [C:/Users/z434/OneDrive/Documents/Vivado Projects/EE470PROJ/COMPE470PROJ/COMPE470PROJ.srcs/sources_1/new/TBD.v:133]
CRITICAL WARNING: [Synth 8-6859] multi-driven net on pin SCORE[1] with 3rd driver pin 'TSC/SCORE_reg[1]__1/Q' [C:/Users/z434/OneDrive/Documents/Vivado Projects/EE470PROJ/COMPE470PROJ/COMPE470PROJ.srcs/sources_1/new/TBD.v:125]
CRITICAL WARNING: [Synth 8-6859] multi-driven net on pin SCORE[0] with 1st driver pin 'TSC/SCORE_reg[0]/Q' [C:/Users/z434/OneDrive/Documents/Vivado Projects/EE470PROJ/COMPE470PROJ/COMPE470PROJ.srcs/sources_1/new/TBD.v:138]
CRITICAL WARNING: [Synth 8-6859] multi-driven net on pin SCORE[0] with 2nd driver pin 'TSC/SCORE_reg[0]__0/Q' [C:/Users/z434/OneDrive/Documents/Vivado Projects/EE470PROJ/COMPE470PROJ/COMPE470PROJ.srcs/sources_1/new/TBD.v:133]
CRITICAL WARNING: [Synth 8-6859] multi-driven net on pin SCORE[0] with 3rd driver pin 'TSC/SCORE_reg[0]__1/Q' [C:/Users/z434/OneDrive/Documents/Vivado Projects/EE470PROJ/COMPE470PROJ/COMPE470PROJ.srcs/sources_1/new/TBD.v:125]
CRITICAL WARNING: [Synth 8-6859] multi-driven net on pin SCORE_OUT_P1_OBUF[5] with 1st driver pin 'PLY1/TOTAL_SCORE_reg[5]/Q' [C:/Users/z434/OneDrive/Documents/Vivado Projects/EE470PROJ/COMPE470PROJ/COMPE470PROJ.srcs/sources_1/new/TBD.v:169]
CRITICAL WARNING: [Synth 8-6859] multi-driven net on pin SCORE_OUT_P1_OBUF[5] with 2nd driver pin 'PLY1/TOTAL_SCORE0_carry__0/O[1]' [C:/Users/z434/OneDrive/Documents/Vivado Projects/EE470PROJ/COMPE470PROJ/COMPE470PROJ.srcs/sources_1/new/TBD.v:33]
CRITICAL WARNING: [Synth 8-6859] multi-driven net on pin SCORE_OUT_P1_OBUF[4] with 1st driver pin 'PLY1/TOTAL_SCORE_reg[4]/Q' [C:/Users/z434/OneDrive/Documents/Vivado Projects/EE470PROJ/COMPE470PROJ/COMPE470PROJ.srcs/sources_1/new/TBD.v:169]
CRITICAL WARNING: [Synth 8-6859] multi-driven net on pin SCORE_OUT_P1_OBUF[4] with 2nd driver pin 'PLY1/TOTAL_SCORE0_carry__0/O[0]' [C:/Users/z434/OneDrive/Documents/Vivado Projects/EE470PROJ/COMPE470PROJ/COMPE470PROJ.srcs/sources_1/new/TBD.v:33]
CRITICAL WARNING: [Synth 8-6859] multi-driven net on pin SCORE_OUT_P1_OBUF[3] with 1st driver pin 'PLY1/TOTAL_SCORE_reg[3]/Q' [C:/Users/z434/OneDrive/Documents/Vivado Projects/EE470PROJ/COMPE470PROJ/COMPE470PROJ.srcs/sources_1/new/TBD.v:169]
CRITICAL WARNING: [Synth 8-6859] multi-driven net on pin SCORE_OUT_P1_OBUF[3] with 2nd driver pin 'PLY1/TOTAL_SCORE0_carry/O[3]' [C:/Users/z434/OneDrive/Documents/Vivado Projects/EE470PROJ/COMPE470PROJ/COMPE470PROJ.srcs/sources_1/new/TBD.v:33]
CRITICAL WARNING: [Synth 8-6859] multi-driven net on pin SCORE_OUT_P1_OBUF[2] with 1st driver pin 'PLY1/TOTAL_SCORE_reg[2]/Q' [C:/Users/z434/OneDrive/Documents/Vivado Projects/EE470PROJ/COMPE470PROJ/COMPE470PROJ.srcs/sources_1/new/TBD.v:169]
CRITICAL WARNING: [Synth 8-6859] multi-driven net on pin SCORE_OUT_P1_OBUF[2] with 2nd driver pin 'PLY1/TOTAL_SCORE0_carry/O[2]' [C:/Users/z434/OneDrive/Documents/Vivado Projects/EE470PROJ/COMPE470PROJ/COMPE470PROJ.srcs/sources_1/new/TBD.v:33]
CRITICAL WARNING: [Synth 8-6859] multi-driven net on pin SCORE_OUT_P1_OBUF[1] with 1st driver pin 'PLY1/TOTAL_SCORE_reg[1]/Q' [C:/Users/z434/OneDrive/Documents/Vivado Projects/EE470PROJ/COMPE470PROJ/COMPE470PROJ.srcs/sources_1/new/TBD.v:169]
CRITICAL WARNING: [Synth 8-6859] multi-driven net on pin SCORE_OUT_P1_OBUF[1] with 2nd driver pin 'PLY1/TOTAL_SCORE0_carry/O[1]' [C:/Users/z434/OneDrive/Documents/Vivado Projects/EE470PROJ/COMPE470PROJ/COMPE470PROJ.srcs/sources_1/new/TBD.v:33]
CRITICAL WARNING: [Synth 8-6859] multi-driven net on pin SCORE_OUT_P1_OBUF[0] with 1st driver pin 'PLY1/TOTAL_SCORE_reg[0]/Q' [C:/Users/z434/OneDrive/Documents/Vivado Projects/EE470PROJ/COMPE470PROJ/COMPE470PROJ.srcs/sources_1/new/TBD.v:169]
CRITICAL WARNING: [Synth 8-6859] multi-driven net on pin SCORE_OUT_P1_OBUF[0] with 2nd driver pin 'PLY1/TOTAL_SCORE0_carry/O[0]' [C:/Users/z434/OneDrive/Documents/Vivado Projects/EE470PROJ/COMPE470PROJ/COMPE470PROJ.srcs/sources_1/new/TBD.v:33]
INFO: [Common 17-14] Message 'Synth 8-6859' appears 100 times and further instances of the messages will be disabled. Use the Tcl command set_msg_config to change the current settings.

Report Check Netlist: 
+------+------------------+-------+---------+-------+------------------+
|      |Item              |Errors |Warnings |Status |Description       |
+------+------------------+-------+---------+-------+------------------+
|1     |multi_driven_nets |      0|       59|Failed |Multi driven nets |
+------+------------------+-------+---------+-------+------------------+
---------------------------------------------------------------------------------
Start Rebuilding User Hierarchy
---------------------------------------------------------------------------------
---------------------------------------------------------------------------------
Finished Rebuilding User Hierarchy : Time (s): cpu = 00:00:41 ; elapsed = 00:01:03 . Memory (MB): peak = 1113.598 ; gain = 689.141
---------------------------------------------------------------------------------
---------------------------------------------------------------------------------
Start Renaming Generated Ports
---------------------------------------------------------------------------------
---------------------------------------------------------------------------------
Finished Renaming Generated Ports : Time (s): cpu = 00:00:41 ; elapsed = 00:01:03 . Memory (MB): peak = 1113.598 ; gain = 689.141
---------------------------------------------------------------------------------
---------------------------------------------------------------------------------
Start Handling Custom Attributes
---------------------------------------------------------------------------------
---------------------------------------------------------------------------------
Finished Handling Custom Attributes : Time (s): cpu = 00:00:41 ; elapsed = 00:01:03 . Memory (MB): peak = 1113.598 ; gain = 689.141
---------------------------------------------------------------------------------
---------------------------------------------------------------------------------
Start Renaming Generated Nets
---------------------------------------------------------------------------------
---------------------------------------------------------------------------------
Finished Renaming Generated Nets : Time (s): cpu = 00:00:41 ; elapsed = 00:01:03 . Memory (MB): peak = 1113.598 ; gain = 689.141
---------------------------------------------------------------------------------
---------------------------------------------------------------------------------
Start Writing Synthesis Report
---------------------------------------------------------------------------------

Report BlackBoxes: 
+-+--------------+----------+
| |BlackBox name |Instances |
+-+--------------+----------+
+-+--------------+----------+

Report Cell Usage: 
+------+-------+------+
|      |Cell   |Count |
+------+-------+------+
|1     |BUFG   |     4|
|2     |CARRY4 |    13|
|3     |LUT1   |     3|
|4     |LUT2   |    15|
|5     |LUT3   |    93|
|6     |LUT4   |     5|
|7     |LUT5   |     4|
|8     |LUT6   |    50|
|9     |FDRE   |    86|
|10    |LD     |    56|
|11    |LDC    |    12|
|12    |IBUF   |    98|
|13    |OBUF   |    64|
+------+-------+------+

Report Instance Areas: 
+------+------------------+-------------------+------+
|      |Instance          |Module             |Cells |
+------+------------------+-------------------+------+
|1     |top               |                   |   503|
|2     |  BCC             |BAD_COMPARE        |    84|
|3     |  LFSR32B         |LFSR_32BIT         |   114|
|4     |  PLY1            |SCORE_REGISTER     |     8|
|5     |  PLY2            |SCORE_REGISTER_0   |     8|
|6     |  SCD             |SCORE_DEMUX        |    13|
|7     |  TSC             |TURN_SCORE_COUNTER |    30|
|8     |  nolabel_line274 |RST_DRIVER         |    80|
+------+------------------+-------------------+------+
---------------------------------------------------------------------------------
Finished Writing Synthesis Report : Time (s): cpu = 00:00:41 ; elapsed = 00:01:03 . Memory (MB): peak = 1113.598 ; gain = 689.141
---------------------------------------------------------------------------------
Synthesis finished with 0 errors, 125 critical warnings and 146 warnings.
Synthesis Optimization Runtime : Time (s): cpu = 00:00:41 ; elapsed = 00:01:03 . Memory (MB): peak = 1113.598 ; gain = 689.141
Synthesis Optimization Complete : Time (s): cpu = 00:00:41 ; elapsed = 00:01:03 . Memory (MB): peak = 1113.598 ; gain = 689.141
INFO: [Project 1-571] Translating synthesized netlist
Netlist sorting complete. Time (s): cpu = 00:00:00 ; elapsed = 00:00:00.024 . Memory (MB): peak = 1123.961 ; gain = 0.000
INFO: [Netlist 29-17] Analyzing 81 Unisim elements for replacement
INFO: [Netlist 29-28] Unisim Transformation completed in 0 CPU seconds
INFO: [Project 1-570] Preparing netlist for logic optimization
INFO: [Opt 31-138] Pushed 1 inverter(s) to 6 load pin(s).
Netlist sorting complete. Time (s): cpu = 00:00:00 ; elapsed = 00:00:00.001 . Memory (MB): peak = 1223.918 ; gain = 0.000
INFO: [Project 1-111] Unisim Transformation Summary:
  A total of 68 instances were transformed.
  LD => LDCE: 56 instances
  LDC => LDCE: 6 instances
  LDC => LDCE (inverted pins: G): 6 instances

Synth Design complete, checksum: 29013426
INFO: [Common 17-83] Releasing license: Synthesis
35 Infos, 142 Warnings, 101 Critical Warnings and 0 Errors encountered.
synth_design completed successfully
synth_design: Time (s): cpu = 00:00:45 ; elapsed = 00:01:07 . Memory (MB): peak = 1223.918 ; gain = 805.273
INFO: [runtcl-6] Synthesis results are not added to the cache due to CRITICAL_WARNING
INFO: [Common 17-1381] The checkpoint 'C:/Users/z434/OneDrive/Documents/Vivado Projects/EE470PROJ/COMPE470PROJ/COMPE470PROJ.runs/synth_1/WHACK_THAT_MOLE.dcp' has been generated.
INFO: [runtcl-4] Executing : report_utilization -file WHACK_THAT_MOLE_utilization_synth.rpt -pb WHACK_THAT_MOLE_utilization_synth.pb
INFO: [Common 17-206] Exiting Vivado at Mon Dec  5 14:47:33 2022...
